<?xml version="1.0" encoding="UTF-8"?>
<testsuite xmlns:xsi="http://www.w3.org/2001/XMLSchema-instance" xsi:noNamespaceSchemaLocation="https://maven.apache.org/surefire/maven-surefire-plugin/xsd/surefire-test-report-3.0.xsd" version="3.0" name="com.hrms.runners.SmokeRunner" time="192.419" tests="11" errors="2" skipped="0" failures="0">
  <properties>
[...]
</properties>
  <testcase name="Add Employee To HRMS" classname="Add Employee" time="28.198">
    <error message="no such element: Unable to locate element: {&quot;method&quot;:&quot;css selector&quot;,&quot;selector&quot;:&quot;#empPic&quot;}&#10;  (Session info: chrome=80.0.3987.132)&#10;For documentation on this error, please visit: https://www.seleniumhq.org/exceptions/no_such_element.html&#10;Build info: version: &apos;3.141.59&apos;, revision: &apos;e82be7d358&apos;, time: &apos;2018-11-14T08:17:03&apos;&#10;System info: host: &apos;LAPTOP-79BVRKRR&apos;, ip: &apos;10.0.0.209&apos;, os.name: &apos;Windows 10&apos;, os.arch: &apos;amd64&apos;, os.version: &apos;10.0&apos;, java.version: &apos;1.8.0_231&apos;&#10;Driver info: org.openqa.selenium.chrome.ChromeDriver&#10;Capabilities {acceptInsecureCerts: false, browserName: chrome, browserVersion: 80.0.3987.132, chrome: {chromedriverVersion: 79.0.3945.36 (3582db32b3389..., userDataDir: C:\Users\burha\AppData\Loca...}, goog:chromeOptions: {debuggerAddress: localhost:56578}, javascriptEnabled: true, networkConnectionEnabled: false, pageLoadStrategy: normal, platform: WINDOWS, platformName: WINDOWS, proxy: Proxy(), setWindowRect: true, strictFileInteractability: false, timeouts: {implicit: 0, pageLoad: 300000, script: 30000}, unhandledPromptBehavior: dismiss and notify}&#10;Session ID: a4beedb665da5c19f6bf400effda11df&#10;*** Element info: {Using=id, value=empPic}" type="org.openqa.selenium.NoSuchElementException"><![CDATA[org.openqa.selenium.NoSuchElementException: 
no such element: Unable to locate element: {"method":"css selector","selector":"#empPic"}
  (Session info: chrome=80.0.3987.132)
For documentation on this error, please visit: https://www.seleniumhq.org/exceptions/no_such_element.html
Build info: version: '3.141.59', revision: 'e82be7d358', time: '2018-11-14T08:17:03'
System info: host: 'LAPTOP-79BVRKRR', ip: '10.0.0.209', os.name: 'Windows 10', os.arch: 'amd64', os.version: '10.0', java.version: '1.8.0_231'
Driver info: org.openqa.selenium.chrome.ChromeDriver
Capabilities {acceptInsecureCerts: false, browserName: chrome, browserVersion: 80.0.3987.132, chrome: {chromedriverVersion: 79.0.3945.36 (3582db32b3389..., userDataDir: C:\Users\burha\AppData\Loca...}, goog:chromeOptions: {debuggerAddress: localhost:56578}, javascriptEnabled: true, networkConnectionEnabled: false, pageLoadStrategy: normal, platform: WINDOWS, platformName: WINDOWS, proxy: Proxy(), setWindowRect: true, strictFileInteractability: false, timeouts: {implicit: 0, pageLoad: 300000, script: 30000}, unhandledPromptBehavior: dismiss and notify}
Session ID: a4beedb665da5c19f6bf400effda11df
*** Element info: {Using=id, value=empPic}
]]></error>
    <system-out><![CDATA[@sprint2 @addEmployee
Feature: Add Employee

  Background:                            # src/test/resources/features/AddEmployee.feature:4
Starting scenario Add Employee To HRMS
    Given i am logged into HRMS          # AddEmployeeSteps.i_am_logged_into_HRMS()
    And i navigated to Add Employee Page # AddEmployeeSteps.i_click_PIM_and_Add_Employee_button()

  @sprint2 @addEmployee @smoke
  Scenario: Add Employee To HRMS                   # src/test/resources/features/AddEmployee.feature:9
    When i add firstName, middleName and last name # AddEmployeeSteps.i_add_firstName_middleName_and_last_name()
    And i click Create Login Details               # AddEmployeeSteps.i_click_Create_Login_Details()
getAttribute-->5320
getText-->
    And i enter username-password-confirm password # AddEmployeeSteps.i_enter_username_password_confirm_password()
    And i click Save button                        # AddEmployeeSteps.i_click_Save_button()
    Then i will see Personal Details               # AddEmployeeSteps.i_will_see_Personal_Details()
      org.openqa.selenium.NoSuchElementException: no such element: Unable to locate element: {"method":"css selector","selector":"#empPic"}
  (Session info: chrome=80.0.3987.132)
For documentation on this error, please visit: https://www.seleniumhq.org/exceptions/no_such_element.html
Build info: version: '3.141.59', revision: 'e82be7d358', time: '2018-11-14T08:17:03'
System info: host: 'LAPTOP-79BVRKRR', ip: '10.0.0.209', os.name: 'Windows 10', os.arch: 'amd64', os.version: '10.0', java.version: '1.8.0_231'
Driver info: org.openqa.selenium.chrome.ChromeDriver
Capabilities {acceptInsecureCerts: false, browserName: chrome, browserVersion: 80.0.3987.132, chrome: {chromedriverVersion: 79.0.3945.36 (3582db32b3389..., userDataDir: C:\Users\burha\AppData\Loca...}, goog:chromeOptions: {debuggerAddress: localhost:56578}, javascriptEnabled: true, networkConnectionEnabled: false, pageLoadStrategy: normal, platform: WINDOWS, platformName: WINDOWS, proxy: Proxy(), setWindowRect: true, strictFileInteractability: false, timeouts: {implicit: 0, pageLoad: 300000, script: 30000}, unhandledPromptBehavior: dismiss and notify}
Session ID: a4beedb665da5c19f6bf400effda11df
*** Element info: {Using=id, value=empPic}
	at sun.reflect.NativeConstructorAccessorImpl.newInstance0(Native Method)
	at sun.reflect.NativeConstructorAccessorImpl.newInstance(NativeConstructorAccessorImpl.java:62)
	at sun.reflect.DelegatingConstructorAccessorImpl.newInstance(DelegatingConstructorAccessorImpl.java:45)
	at java.lang.reflect.Constructor.newInstance(Constructor.java:423)
	at org.openqa.selenium.remote.http.W3CHttpResponseCodec.createException(W3CHttpResponseCodec.java:187)
	at org.openqa.selenium.remote.http.W3CHttpResponseCodec.decode(W3CHttpResponseCodec.java:122)
	at org.openqa.selenium.remote.http.W3CHttpResponseCodec.decode(W3CHttpResponseCodec.java:49)
	at org.openqa.selenium.remote.HttpCommandExecutor.execute(HttpCommandExecutor.java:158)
	at org.openqa.selenium.remote.service.DriverCommandExecutor.execute(DriverCommandExecutor.java:83)
	at org.openqa.selenium.remote.RemoteWebDriver.execute(RemoteWebDriver.java:552)
	at org.openqa.selenium.remote.RemoteWebDriver.findElement(RemoteWebDriver.java:323)
	at org.openqa.selenium.remote.RemoteWebDriver.findElementById(RemoteWebDriver.java:372)
	at org.openqa.selenium.By$ById.findElement(By.java:188)
	at org.openqa.selenium.remote.RemoteWebDriver.findElement(RemoteWebDriver.java:315)
	at org.openqa.selenium.support.pagefactory.DefaultElementLocator.findElement(DefaultElementLocator.java:69)
	at org.openqa.selenium.support.pagefactory.internal.LocatingElementHandler.invoke(LocatingElementHandler.java:38)
	at com.sun.proxy.$Proxy17.isDisplayed(Unknown Source)
	at com.hrms.steps.AddEmployeeSteps.i_will_see_Personal_Details(AddEmployeeSteps.java:62)
	at ?.i will see Personal Details(file:src/test/resources/features/AddEmployee.feature:14)

Starting scenario Add Employee To HRMS
]]></system-out>
    <system-err><![CDATA[Mar 10, 2020 12:41:06 PM cucumber.runtime.model.FeatureBuilder parse
WARNING: Duplicate feature ignored. file:src/test/resources/features/3PUT_UpdateEmployee.feature was identical to file:src/test/resources/features/2GET_CreatedEmployee.feature
Mar 10, 2020 12:41:06 PM cucumber.runtime.model.FeatureBuilder parse
WARNING: Duplicate feature ignored. file:src/test/resources/features/4GET_UpdatedEmployee.feature was identical to file:src/test/resources/features/2GET_CreatedEmployee.feature
Mar 10, 2020 12:41:06 PM cucumber.runtime.model.FeatureBuilder parse
WARNING: Duplicate feature ignored. file:src/test/resources/features/5DELETE_CreatedEmployee.feature was identical to file:src/test/resources/features/2GET_CreatedEmployee.feature
Mar 10, 2020 12:41:06 PM cucumber.runtime.model.FeatureBuilder parse
WARNING: Duplicate feature ignored. file:src/test/resources/features/DbTest.feature was identical to file:src/test/resources/features/2GET_CreatedEmployee.feature
Starting ChromeDriver 79.0.3945.36 (3582db32b33893869b8c1339e8f4d9ed1816f143-refs/branch-heads/3945@{#614}) on port 42194
Only local connections are allowed.
Please protect ports used by ChromeDriver and related test frameworks to prevent access by malicious code.
[1583862069.000][WARNING]: This version of ChromeDriver has not been tested with Chrome version 80.
[1583862071.005][WARNING]: Timed out connecting to Chrome, retrying...
Mar 10, 2020 12:41:13 PM org.openqa.selenium.remote.ProtocolHandshake createSession
INFO: Detected dialect: W3C
[1583862075.065][WARNING]: Timed out connecting to Chrome, retrying...
]]></system-err>
  </testcase>
  <testcase name="Add New Employee To HRMS" classname="Add Employee" time="19.611"/>
  <testcase name="Add new Employee and Edit Details" classname="Add Employee" time="29.841">
    <error message="no such element: Unable to locate element: {&quot;method&quot;:&quot;css selector&quot;,&quot;selector&quot;:&quot;#personal_txtNICNo&quot;}&#10;  (Session info: chrome=80.0.3987.132)&#10;For documentation on this error, please visit: https://www.seleniumhq.org/exceptions/no_such_element.html&#10;Build info: version: &apos;3.141.59&apos;, revision: &apos;e82be7d358&apos;, time: &apos;2018-11-14T08:17:03&apos;&#10;System info: host: &apos;LAPTOP-79BVRKRR&apos;, ip: &apos;10.0.0.209&apos;, os.name: &apos;Windows 10&apos;, os.arch: &apos;amd64&apos;, os.version: &apos;10.0&apos;, java.version: &apos;1.8.0_231&apos;&#10;Driver info: org.openqa.selenium.chrome.ChromeDriver&#10;Capabilities {acceptInsecureCerts: false, browserName: chrome, browserVersion: 80.0.3987.132, chrome: {chromedriverVersion: 79.0.3945.36 (3582db32b3389..., userDataDir: C:\Users\burha\AppData\Loca...}, goog:chromeOptions: {debuggerAddress: localhost:56647}, javascriptEnabled: true, networkConnectionEnabled: false, pageLoadStrategy: normal, platform: WINDOWS, platformName: WINDOWS, proxy: Proxy(), setWindowRect: true, strictFileInteractability: false, timeouts: {implicit: 0, pageLoad: 300000, script: 30000}, unhandledPromptBehavior: dismiss and notify}&#10;Session ID: faf2677543b9b06cadfffcdd673dc4a8&#10;*** Element info: {Using=id, value=personal_txtNICNo}" type="org.openqa.selenium.NoSuchElementException"><![CDATA[org.openqa.selenium.NoSuchElementException: 
no such element: Unable to locate element: {"method":"css selector","selector":"#personal_txtNICNo"}
  (Session info: chrome=80.0.3987.132)
For documentation on this error, please visit: https://www.seleniumhq.org/exceptions/no_such_element.html
Build info: version: '3.141.59', revision: 'e82be7d358', time: '2018-11-14T08:17:03'
System info: host: 'LAPTOP-79BVRKRR', ip: '10.0.0.209', os.name: 'Windows 10', os.arch: 'amd64', os.version: '10.0', java.version: '1.8.0_231'
Driver info: org.openqa.selenium.chrome.ChromeDriver
Capabilities {acceptInsecureCerts: false, browserName: chrome, browserVersion: 80.0.3987.132, chrome: {chromedriverVersion: 79.0.3945.36 (3582db32b3389..., userDataDir: C:\Users\burha\AppData\Loca...}, goog:chromeOptions: {debuggerAddress: localhost:56647}, javascriptEnabled: true, networkConnectionEnabled: false, pageLoadStrategy: normal, platform: WINDOWS, platformName: WINDOWS, proxy: Proxy(), setWindowRect: true, strictFileInteractability: false, timeouts: {implicit: 0, pageLoad: 300000, script: 30000}, unhandledPromptBehavior: dismiss and notify}
Session ID: faf2677543b9b06cadfffcdd673dc4a8
*** Element info: {Using=id, value=personal_txtNICNo}
]]></error>
    <system-out><![CDATA[
  Background:                            # src/test/resources/features/AddEmployee.feature:4
Starting scenario Add new Employee and Edit Details
    Given i am logged into HRMS          # AddEmployeeSteps.i_am_logged_into_HRMS()
    And i navigated to Add Employee Page # AddEmployeeSteps.i_click_PIM_and_Add_Employee_button()

  @sprint2 @addEmployee @smoke
  Scenario: Add new Employee and Edit Details                                 # src/test/resources/features/AddEmployee.feature:48
    When i enter user info and edit Personal details I see Successfully Saved # AddEmployeeSteps.i_enter_user_info_and_edit_Personal_details_I_see_Successfully_Saved(DataTable)
      org.openqa.selenium.NoSuchElementException: no such element: Unable to locate element: {"method":"css selector","selector":"#personal_txtNICNo"}
  (Session info: chrome=80.0.3987.132)
For documentation on this error, please visit: https://www.seleniumhq.org/exceptions/no_such_element.html
Build info: version: '3.141.59', revision: 'e82be7d358', time: '2018-11-14T08:17:03'
System info: host: 'LAPTOP-79BVRKRR', ip: '10.0.0.209', os.name: 'Windows 10', os.arch: 'amd64', os.version: '10.0', java.version: '1.8.0_231'
Driver info: org.openqa.selenium.chrome.ChromeDriver
Capabilities {acceptInsecureCerts: false, browserName: chrome, browserVersion: 80.0.3987.132, chrome: {chromedriverVersion: 79.0.3945.36 (3582db32b3389..., userDataDir: C:\Users\burha\AppData\Loca...}, goog:chromeOptions: {debuggerAddress: localhost:56647}, javascriptEnabled: true, networkConnectionEnabled: false, pageLoadStrategy: normal, platform: WINDOWS, platformName: WINDOWS, proxy: Proxy(), setWindowRect: true, strictFileInteractability: false, timeouts: {implicit: 0, pageLoad: 300000, script: 30000}, unhandledPromptBehavior: dismiss and notify}
Session ID: faf2677543b9b06cadfffcdd673dc4a8
*** Element info: {Using=id, value=personal_txtNICNo}
	at sun.reflect.NativeConstructorAccessorImpl.newInstance0(Native Method)
	at sun.reflect.NativeConstructorAccessorImpl.newInstance(NativeConstructorAccessorImpl.java:62)
	at sun.reflect.DelegatingConstructorAccessorImpl.newInstance(DelegatingConstructorAccessorImpl.java:45)
	at java.lang.reflect.Constructor.newInstance(Constructor.java:423)
	at org.openqa.selenium.remote.http.W3CHttpResponseCodec.createException(W3CHttpResponseCodec.java:187)
	at org.openqa.selenium.remote.http.W3CHttpResponseCodec.decode(W3CHttpResponseCodec.java:122)
	at org.openqa.selenium.remote.http.W3CHttpResponseCodec.decode(W3CHttpResponseCodec.java:49)
	at org.openqa.selenium.remote.HttpCommandExecutor.execute(HttpCommandExecutor.java:158)
	at org.openqa.selenium.remote.service.DriverCommandExecutor.execute(DriverCommandExecutor.java:83)
	at org.openqa.selenium.remote.RemoteWebDriver.execute(RemoteWebDriver.java:552)
	at org.openqa.selenium.remote.RemoteWebDriver.findElement(RemoteWebDriver.java:323)
	at org.openqa.selenium.remote.RemoteWebDriver.findElementById(RemoteWebDriver.java:372)
	at org.openqa.selenium.By$ById.findElement(By.java:188)
	at org.openqa.selenium.remote.RemoteWebDriver.findElement(RemoteWebDriver.java:315)
	at org.openqa.selenium.support.pagefactory.DefaultElementLocator.findElement(DefaultElementLocator.java:69)
	at org.openqa.selenium.support.pagefactory.internal.LocatingElementHandler.invoke(LocatingElementHandler.java:38)
	at com.sun.proxy.$Proxy17.clear(Unknown Source)
	at com.hrms.utils.CommonMethods.sendText(CommonMethods.java:154)
	at com.hrms.steps.AddEmployeeSteps.i_enter_user_info_and_edit_Personal_details_I_see_Successfully_Saved(AddEmployeeSteps.java:129)
	at ?.i enter user info and edit Personal details I see Successfully Saved(file:src/test/resources/features/AddEmployee.feature:49)

Starting scenario Add new Employee and Edit Details
]]></system-out>
    <system-err><![CDATA[Starting ChromeDriver 79.0.3945.36 (3582db32b33893869b8c1339e8f4d9ed1816f143-refs/branch-heads/3945@{#614}) on port 16178
Only local connections are allowed.
Please protect ports used by ChromeDriver and related test frameworks to prevent access by malicious code.
[1583862116.014][WARNING]: This version of ChromeDriver has not been tested with Chrome version 80.
[1583862118.018][WARNING]: Timed out connecting to Chrome, retrying...
Mar 10, 2020 12:42:00 PM org.openqa.selenium.remote.ProtocolHandshake createSession
INFO: Detected dialect: W3C
[1583862122.035][WARNING]: Timed out connecting to Chrome, retrying...
]]></system-err>
  </testcase>
  <testcase name="Valid Login" classname="Login" time="13.935"/>
  <testcase name="Invalid Login and message validation" classname="Login" time="12.115"/>
  <testcase name="Invalid Login and message validation" classname="Login" time="11.726"/>
  <testcase name="Invalid Login and message validation" classname="Login" time="11.432"/>
  <testcase name="Invalid Login and message validation" classname="Login" time="11.507"/>
  <testcase name="EMPTY_NAME" classname="Report" time="16.368"/>
  <testcase name="EMPTY_NAME" classname="Report" time="19.948"/>
  <testcase name="Search for valid report" classname="Report" time="17.183"/>
</testsuite>